#-----------------------------------------------------------
# Vivado v2018.3 (64-bit)
# SW Build 2405991 on Thu Dec  6 23:38:27 MST 2018
# IP Build 2404404 on Fri Dec  7 01:43:56 MST 2018
# Start of session at: Tue Jun 18 16:22:45 2019
# Process ID: 4972
# Current directory: C:/Users/david/Desktop/Rasla_Davide_505828/VHDL_project_TwoShift/vivado
# Command line: vivado.exe -gui_launcher_event rodinguilauncherevent18208 C:\Users\david\Desktop\Rasla_Davide_505828\VHDL_project_TwoShift\vivado\CodeGenerator2Shift.xpr
# Log file: C:/Users/david/Desktop/Rasla_Davide_505828/VHDL_project_TwoShift/vivado/vivado.log
# Journal file: C:/Users/david/Desktop/Rasla_Davide_505828/VHDL_project_TwoShift/vivado\vivado.jou
#-----------------------------------------------------------
start_gui
open_project C:/Users/david/Desktop/Rasla_Davide_505828/VHDL_project_TwoShift/vivado/CodeGenerator2Shift.xpr
Scanning sources...
Finished scanning sources
INFO: [IP_Flow 19-234] Refreshing IP repositories
INFO: [IP_Flow 19-1704] No user IP repositories specified
INFO: [IP_Flow 19-2313] Loaded Vivado IP repository 'E:/Dati/Vivado/Vivado/2018.3/data/ip'.
open_project: Time (s): cpu = 00:00:19 ; elapsed = 00:00:17 . Memory (MB): peak = 701.219 ; gain = 110.379
update_compile_order -fileset sources_1
open_run impl_1
INFO: [Project 1-479] Netlist was created with Vivado 2018.3
INFO: [Device 21-403] Loading part xc7z010clg400-1
INFO: [Project 1-570] Preparing netlist for logic optimization
INFO: [Timing 38-478] Restoring timing data from binary archive.
INFO: [Timing 38-479] Binary timing data restore complete.
INFO: [Project 1-856] Restoring constraints from binary archive.
INFO: [Project 1-853] Binary constraint restore complete.
Reading XDEF placement.
Reading placer database...
Reading XDEF routing.
Read XDEF File: Time (s): cpu = 00:00:00 ; elapsed = 00:00:00.134 . Memory (MB): peak = 1536.777 ; gain = 0.000
Restored from archive | CPU: 0.000000 secs | Memory: 0.000000 MB |
Finished XDEF File Restore: Time (s): cpu = 00:00:00 ; elapsed = 00:00:00.141 . Memory (MB): peak = 1536.777 ; gain = 0.000
Netlist sorting complete. Time (s): cpu = 00:00:00 ; elapsed = 00:00:00 . Memory (MB): peak = 1536.777 ; gain = 0.000
INFO: [Project 1-111] Unisim Transformation Summary:
No Unisim elements were transformed.

open_run: Time (s): cpu = 00:00:45 ; elapsed = 00:00:42 . Memory (MB): peak = 1667.328 ; gain = 963.230
exit
INFO: [Common 17-206] Exiting Vivado at Tue Jun 18 16:37:03 2019...
