
*** Running vivado
    with args -log ConvolutionalGenerator.vdi -applog -m64 -product Vivado -messageDb vivado.pb -mode batch -source ConvolutionalGenerator.tcl -notrace


****** Vivado v2018.3 (64-bit)
  **** SW Build 2405991 on Thu Dec  6 23:38:27 MST 2018
  **** IP Build 2404404 on Fri Dec  7 01:43:56 MST 2018
    ** Copyright 1986-2018 Xilinx, Inc. All Rights Reserved.

source ConvolutionalGenerator.tcl -notrace
Command: link_design -top ConvolutionalGenerator -part xc7z010clg400-1
Design is defaulting to srcset: sources_1
Design is defaulting to constrset: constrs_1
INFO: [Project 1-479] Netlist was created with Vivado 2018.3
INFO: [Device 21-403] Loading part xc7z010clg400-1
INFO: [Project 1-570] Preparing netlist for logic optimization
Parsing XDC File [C:/Users/david/Desktop/Rasla_Davide_505828/VHDL project JustOne/vivado/Vivado_With_One_Reg/Vivado_With_One_Reg.srcs/constrs_1/new/Timing_8.xdc]
Finished Parsing XDC File [C:/Users/david/Desktop/Rasla_Davide_505828/VHDL project JustOne/vivado/Vivado_With_One_Reg/Vivado_With_One_Reg.srcs/constrs_1/new/Timing_8.xdc]
INFO: [Opt 31-138] Pushed 0 inverter(s) to 0 load pin(s).
Netlist sorting complete. Time (s): cpu = 00:00:00 ; elapsed = 00:00:00.001 . Memory (MB): peak = 584.289 ; gain = 0.000
INFO: [Project 1-111] Unisim Transformation Summary:
No Unisim elements were transformed.

5 Infos, 0 Warnings, 0 Critical Warnings and 0 Errors encountered.
link_design completed successfully
link_design: Time (s): cpu = 00:00:11 ; elapsed = 00:00:13 . Memory (MB): peak = 588.297 ; gain = 327.313
Command: opt_design
Attempting to get a license for feature 'Implementation' and/or device 'xc7z010'
INFO: [Common 17-349] Got license for feature 'Implementation' and/or device 'xc7z010'
Running DRC as a precondition to command opt_design

Starting DRC Task
INFO: [DRC 23-27] Running DRC with 2 threads
INFO: [Project 1-461] DRC finished with 0 Errors
INFO: [Project 1-462] Please refer to the DRC report (report_drc) for more information.

Time (s): cpu = 00:00:03 ; elapsed = 00:00:02 . Memory (MB): peak = 595.289 ; gain = 6.992

Starting Cache Timing Information Task
INFO: [Timing 38-35] Done setting XDC timing constraints.
Ending Cache Timing Information Task | Checksum: 1c93adad8

Time (s): cpu = 00:00:20 ; elapsed = 00:00:21 . Memory (MB): peak = 1126.324 ; gain = 531.035

Starting Logic Optimization Task

Phase 1 Retarget
INFO: [Opt 31-138] Pushed 0 inverter(s) to 0 load pin(s).
INFO: [Opt 31-49] Retargeted 0 cell(s).
Phase 1 Retarget | Checksum: 1c93adad8

Time (s): cpu = 00:00:00 ; elapsed = 00:00:00.024 . Memory (MB): peak = 1219.805 ; gain = 0.000
INFO: [Opt 31-389] Phase Retarget created 0 cells and removed 0 cells

Phase 2 Constant propagation
INFO: [Opt 31-138] Pushed 0 inverter(s) to 0 load pin(s).
Phase 2 Constant propagation | Checksum: 1c93adad8

Time (s): cpu = 00:00:00 ; elapsed = 00:00:00.026 . Memory (MB): peak = 1219.805 ; gain = 0.000
INFO: [Opt 31-389] Phase Constant propagation created 0 cells and removed 0 cells

Phase 3 Sweep
Phase 3 Sweep | Checksum: 1c93adad8

Time (s): cpu = 00:00:00 ; elapsed = 00:00:00.030 . Memory (MB): peak = 1219.805 ; gain = 0.000
INFO: [Opt 31-389] Phase Sweep created 0 cells and removed 0 cells

Phase 4 BUFG optimization
Phase 4 BUFG optimization | Checksum: 1c93adad8

Time (s): cpu = 00:00:00 ; elapsed = 00:00:00.033 . Memory (MB): peak = 1219.805 ; gain = 0.000
INFO: [Opt 31-662] Phase BUFG optimization created 0 cells of which 0 are BUFGs and removed 0 cells.

Phase 5 Shift Register Optimization
Phase 5 Shift Register Optimization | Checksum: 1c93adad8

Time (s): cpu = 00:00:00 ; elapsed = 00:00:00.056 . Memory (MB): peak = 1219.805 ; gain = 0.000
INFO: [Opt 31-389] Phase Shift Register Optimization created 0 cells and removed 0 cells

Phase 6 Post Processing Netlist
Phase 6 Post Processing Netlist | Checksum: 1c93adad8

Time (s): cpu = 00:00:00 ; elapsed = 00:00:00.057 . Memory (MB): peak = 1219.805 ; gain = 0.000
INFO: [Opt 31-389] Phase Post Processing Netlist created 0 cells and removed 0 cells
Opt_design Change Summary
=========================


-------------------------------------------------------------------------------------------------------------------------
|  Phase                        |  #Cells created  |  #Cells Removed  |  #Constrained objects preventing optimizations  |
-------------------------------------------------------------------------------------------------------------------------
|  Retarget                     |               0  |               0  |                                              0  |
|  Constant propagation         |               0  |               0  |                                              0  |
|  Sweep                        |               0  |               0  |                                              0  |
|  BUFG optimization            |               0  |               0  |                                              0  |
|  Shift Register Optimization  |               0  |               0  |                                              0  |
|  Post Processing Netlist      |               0  |               0  |                                              0  |
-------------------------------------------------------------------------------------------------------------------------



Starting Connectivity Check Task

Time (s): cpu = 00:00:00 ; elapsed = 00:00:00.001 . Memory (MB): peak = 1219.805 ; gain = 0.000
Ending Logic Optimization Task | Checksum: 1c93adad8

Time (s): cpu = 00:00:00 ; elapsed = 00:00:00.062 . Memory (MB): peak = 1219.805 ; gain = 0.000

Starting Power Optimization Task
INFO: [Pwropt 34-132] Skipping clock gating for clocks with a period < 2.00 ns.
Ending Power Optimization Task | Checksum: 1c93adad8

Time (s): cpu = 00:00:00 ; elapsed = 00:00:00.054 . Memory (MB): peak = 1219.805 ; gain = 0.000

Starting Final Cleanup Task
Ending Final Cleanup Task | Checksum: 1c93adad8

Time (s): cpu = 00:00:00 ; elapsed = 00:00:00 . Memory (MB): peak = 1219.805 ; gain = 0.000

Starting Netlist Obfuscation Task
Netlist sorting complete. Time (s): cpu = 00:00:00 ; elapsed = 00:00:00 . Memory (MB): peak = 1219.805 ; gain = 0.000
Ending Netlist Obfuscation Task | Checksum: 1c93adad8

Time (s): cpu = 00:00:00 ; elapsed = 00:00:00 . Memory (MB): peak = 1219.805 ; gain = 0.000
INFO: [Common 17-83] Releasing license: Implementation
21 Infos, 0 Warnings, 0 Critical Warnings and 0 Errors encountered.
opt_design completed successfully
opt_design: Time (s): cpu = 00:00:26 ; elapsed = 00:00:25 . Memory (MB): peak = 1219.805 ; gain = 631.508
Netlist sorting complete. Time (s): cpu = 00:00:00 ; elapsed = 00:00:00 . Memory (MB): peak = 1219.805 ; gain = 0.000
INFO: [Timing 38-480] Writing timing data to binary archive.
Writing placer database...
Writing XDEF routing.
Writing XDEF routing logical nets.
Writing XDEF routing special nets.
Write XDEF Complete: Time (s): cpu = 00:00:00 ; elapsed = 00:00:00.112 . Memory (MB): peak = 1219.805 ; gain = 0.000
Netlist sorting complete. Time (s): cpu = 00:00:00 ; elapsed = 00:00:00 . Memory (MB): peak = 1219.805 ; gain = 0.000
INFO: [Common 17-1381] The checkpoint 'C:/Users/david/Desktop/Rasla_Davide_505828/VHDL project JustOne/vivado/Vivado_With_One_Reg/Vivado_With_One_Reg.runs/impl_1/ConvolutionalGenerator_opt.dcp' has been generated.
INFO: [runtcl-4] Executing : report_drc -file ConvolutionalGenerator_drc_opted.rpt -pb ConvolutionalGenerator_drc_opted.pb -rpx ConvolutionalGenerator_drc_opted.rpx
Command: report_drc -file ConvolutionalGenerator_drc_opted.rpt -pb ConvolutionalGenerator_drc_opted.pb -rpx ConvolutionalGenerator_drc_opted.rpx
INFO: [IP_Flow 19-234] Refreshing IP repositories
INFO: [IP_Flow 19-1704] No user IP repositories specified
INFO: [IP_Flow 19-2313] Loaded Vivado IP repository 'E:/Dati/Vivado/Vivado/2018.3/data/ip'.
INFO: [DRC 23-27] Running DRC with 2 threads
INFO: [Coretcl 2-168] The results of DRC are in file C:/Users/david/Desktop/Rasla_Davide_505828/VHDL project JustOne/vivado/Vivado_With_One_Reg/Vivado_With_One_Reg.runs/impl_1/ConvolutionalGenerator_drc_opted.rpt.
report_drc completed successfully
report_drc: Time (s): cpu = 00:00:09 ; elapsed = 00:00:11 . Memory (MB): peak = 1219.805 ; gain = 0.000
Command: place_design
Attempting to get a license for feature 'Implementation' and/or device 'xc7z010'
INFO: [Common 17-349] Got license for feature 'Implementation' and/or device 'xc7z010'
INFO: [DRC 23-27] Running DRC with 2 threads
INFO: [Vivado_Tcl 4-198] DRC finished with 0 Errors
INFO: [Vivado_Tcl 4-199] Please refer to the DRC report (report_drc) for more information.
Running DRC as a precondition to command place_design
INFO: [DRC 23-27] Running DRC with 2 threads
INFO: [Vivado_Tcl 4-198] DRC finished with 0 Errors
INFO: [Vivado_Tcl 4-199] Please refer to the DRC report (report_drc) for more information.

Starting Placer Task
INFO: [Place 30-611] Multithreading enabled for place_design using a maximum of 2 CPUs

Phase 1 Placer Initialization

Phase 1.1 Placer Initialization Netlist Sorting
Netlist sorting complete. Time (s): cpu = 00:00:00 ; elapsed = 00:00:00 . Memory (MB): peak = 1219.805 ; gain = 0.000
Phase 1.1 Placer Initialization Netlist Sorting | Checksum: 1668681bd

Time (s): cpu = 00:00:00 ; elapsed = 00:00:00.187 . Memory (MB): peak = 1219.805 ; gain = 0.000
Netlist sorting complete. Time (s): cpu = 00:00:00 ; elapsed = 00:00:00 . Memory (MB): peak = 1219.805 ; gain = 0.000

Phase 1.2 IO Placement/ Clock Placement/ Build Placer Device
INFO: [Timing 38-35] Done setting XDC timing constraints.
Phase 1.2 IO Placement/ Clock Placement/ Build Placer Device | Checksum: 8da0b841

Time (s): cpu = 00:00:02 ; elapsed = 00:00:02 . Memory (MB): peak = 1232.621 ; gain = 12.816

Phase 1.3 Build Placer Netlist Model
Phase 1.3 Build Placer Netlist Model | Checksum: 14668e6fe

Time (s): cpu = 00:00:02 ; elapsed = 00:00:03 . Memory (MB): peak = 1240.270 ; gain = 20.465

Phase 1.4 Constrain Clocks/Macros
Phase 1.4 Constrain Clocks/Macros | Checksum: 14668e6fe

Time (s): cpu = 00:00:02 ; elapsed = 00:00:03 . Memory (MB): peak = 1240.270 ; gain = 20.465
Phase 1 Placer Initialization | Checksum: 14668e6fe

Time (s): cpu = 00:00:02 ; elapsed = 00:00:03 . Memory (MB): peak = 1240.270 ; gain = 20.465

Phase 2 Global Placement

Phase 2.1 Floorplanning
Phase 2.1 Floorplanning | Checksum: 1349b37d3

Time (s): cpu = 00:00:02 ; elapsed = 00:00:03 . Memory (MB): peak = 1240.270 ; gain = 20.465

Phase 2.2 Physical Synthesis In Placer
INFO: [Physopt 32-65] No nets found for high-fanout optimization.
INFO: [Physopt 32-232] Optimized 0 net. Created 0 new instance.
INFO: [Physopt 32-775] End 1 Pass. Optimized 0 net or cell. Created 0 new cell, deleted 0 existing cell and moved 0 existing cell
INFO: [Physopt 32-670] No setup violation found.  DSP Register Optimization was not performed.
INFO: [Physopt 32-670] No setup violation found.  Shift Register Optimization was not performed.
INFO: [Physopt 32-670] No setup violation found.  BRAM Register Optimization was not performed.
INFO: [Physopt 32-949] No candidate nets found for HD net replication
INFO: [Physopt 32-775] End 1 Pass. Optimized 0 net or cell. Created 0 new cell, deleted 0 existing cell and moved 0 existing cell
Netlist sorting complete. Time (s): cpu = 00:00:00 ; elapsed = 00:00:00 . Memory (MB): peak = 1240.270 ; gain = 0.000

Summary of Physical Synthesis Optimizations
============================================


----------------------------------------------------------------------------------------------------------------------------------------
|  Optimization                  |  Added Cells  |  Removed Cells  |  Optimized Cells/Nets  |  Dont Touch  |  Iterations  |  Elapsed   |
----------------------------------------------------------------------------------------------------------------------------------------
|  Very High Fanout              |            0  |              0  |                     0  |           0  |           1  |  00:00:00  |
|  DSP Register                  |            0  |              0  |                     0  |           0  |           0  |  00:00:00  |
|  Shift Register                |            0  |              0  |                     0  |           0  |           0  |  00:00:00  |
|  BRAM Register                 |            0  |              0  |                     0  |           0  |           0  |  00:00:00  |
|  HD Interface Net Replication  |            0  |              0  |                     0  |           0  |           1  |  00:00:00  |
|  Total                         |            0  |              0  |                     0  |           0  |           2  |  00:00:00  |
----------------------------------------------------------------------------------------------------------------------------------------


Phase 2.2 Physical Synthesis In Placer | Checksum: 168e83ba9

Time (s): cpu = 00:00:03 ; elapsed = 00:00:04 . Memory (MB): peak = 1240.270 ; gain = 20.465
Phase 2 Global Placement | Checksum: db35ce01

Time (s): cpu = 00:00:03 ; elapsed = 00:00:04 . Memory (MB): peak = 1240.270 ; gain = 20.465

Phase 3 Detail Placement

Phase 3.1 Commit Multi Column Macros
Phase 3.1 Commit Multi Column Macros | Checksum: db35ce01

Time (s): cpu = 00:00:03 ; elapsed = 00:00:04 . Memory (MB): peak = 1240.270 ; gain = 20.465

Phase 3.2 Commit Most Macros & LUTRAMs
Phase 3.2 Commit Most Macros & LUTRAMs | Checksum: 117c3f61e

Time (s): cpu = 00:00:03 ; elapsed = 00:00:04 . Memory (MB): peak = 1240.270 ; gain = 20.465

Phase 3.3 Area Swap Optimization
Phase 3.3 Area Swap Optimization | Checksum: 16c43696c

Time (s): cpu = 00:00:03 ; elapsed = 00:00:04 . Memory (MB): peak = 1240.270 ; gain = 20.465

Phase 3.4 Pipeline Register Optimization
Phase 3.4 Pipeline Register Optimization | Checksum: 16c43696c

Time (s): cpu = 00:00:03 ; elapsed = 00:00:04 . Memory (MB): peak = 1240.270 ; gain = 20.465

Phase 3.5 Small Shape Detail Placement
Phase 3.5 Small Shape Detail Placement | Checksum: 1aa4e1b42

Time (s): cpu = 00:00:03 ; elapsed = 00:00:04 . Memory (MB): peak = 1240.270 ; gain = 20.465

Phase 3.6 Re-assign LUT pins
Phase 3.6 Re-assign LUT pins | Checksum: 1aa4e1b42

Time (s): cpu = 00:00:03 ; elapsed = 00:00:04 . Memory (MB): peak = 1240.270 ; gain = 20.465

Phase 3.7 Pipeline Register Optimization
Phase 3.7 Pipeline Register Optimization | Checksum: 1aa4e1b42

Time (s): cpu = 00:00:03 ; elapsed = 00:00:04 . Memory (MB): peak = 1240.270 ; gain = 20.465
Phase 3 Detail Placement | Checksum: 1aa4e1b42

Time (s): cpu = 00:00:03 ; elapsed = 00:00:04 . Memory (MB): peak = 1240.270 ; gain = 20.465

Phase 4 Post Placement Optimization and Clean-Up

Phase 4.1 Post Commit Optimization
INFO: [Timing 38-35] Done setting XDC timing constraints.

Phase 4.1.1 Post Placement Optimization
Post Placement Optimization Initialization | Checksum: 1b26520d1

Phase 4.1.1.1 BUFG Insertion
INFO: [Place 46-46] BUFG insertion identified 0 candidate nets, 0 success, 0 bufg driver replicated, 0 skipped for placement/routing, 0 skipped for timing, 0 skipped for netlist change reason
Phase 4.1.1.1 BUFG Insertion | Checksum: 1b26520d1

Time (s): cpu = 00:00:04 ; elapsed = 00:00:05 . Memory (MB): peak = 1240.270 ; gain = 20.465
INFO: [Place 30-746] Post Placement Timing Summary WNS=0.505. For the most accurate timing information please run report_timing.
Phase 4.1.1 Post Placement Optimization | Checksum: 9cb5c843

Time (s): cpu = 00:00:06 ; elapsed = 00:00:07 . Memory (MB): peak = 1240.270 ; gain = 20.465
Phase 4.1 Post Commit Optimization | Checksum: 9cb5c843

Time (s): cpu = 00:00:06 ; elapsed = 00:00:07 . Memory (MB): peak = 1240.270 ; gain = 20.465

Phase 4.2 Post Placement Cleanup
Phase 4.2 Post Placement Cleanup | Checksum: 9cb5c843

Time (s): cpu = 00:00:06 ; elapsed = 00:00:07 . Memory (MB): peak = 1240.270 ; gain = 20.465

Phase 4.3 Placer Reporting
Phase 4.3 Placer Reporting | Checksum: 9cb5c843

Time (s): cpu = 00:00:06 ; elapsed = 00:00:07 . Memory (MB): peak = 1240.270 ; gain = 20.465

Phase 4.4 Final Placement Cleanup
Netlist sorting complete. Time (s): cpu = 00:00:00 ; elapsed = 00:00:00 . Memory (MB): peak = 1240.270 ; gain = 0.000
Phase 4.4 Final Placement Cleanup | Checksum: 170fea331

Time (s): cpu = 00:00:06 ; elapsed = 00:00:07 . Memory (MB): peak = 1240.270 ; gain = 20.465
Phase 4 Post Placement Optimization and Clean-Up | Checksum: 170fea331

Time (s): cpu = 00:00:06 ; elapsed = 00:00:07 . Memory (MB): peak = 1240.270 ; gain = 20.465
Ending Placer Task | Checksum: 121baab13

Time (s): cpu = 00:00:06 ; elapsed = 00:00:07 . Memory (MB): peak = 1240.270 ; gain = 20.465
INFO: [Common 17-83] Releasing license: Implementation
50 Infos, 0 Warnings, 0 Critical Warnings and 0 Errors encountered.
place_design completed successfully
place_design: Time (s): cpu = 00:00:09 ; elapsed = 00:00:09 . Memory (MB): peak = 1240.270 ; gain = 20.465
Netlist sorting complete. Time (s): cpu = 00:00:00 ; elapsed = 00:00:00 . Memory (MB): peak = 1240.270 ; gain = 0.000
INFO: [Timing 38-480] Writing timing data to binary archive.
Writing placer database...
Writing XDEF routing.
Writing XDEF routing logical nets.
Writing XDEF routing special nets.
Write XDEF Complete: Time (s): cpu = 00:00:00 ; elapsed = 00:00:00.105 . Memory (MB): peak = 1240.270 ; gain = 0.000
Netlist sorting complete. Time (s): cpu = 00:00:00 ; elapsed = 00:00:00 . Memory (MB): peak = 1241.172 ; gain = 0.000
INFO: [Common 17-1381] The checkpoint 'C:/Users/david/Desktop/Rasla_Davide_505828/VHDL project JustOne/vivado/Vivado_With_One_Reg/Vivado_With_One_Reg.runs/impl_1/ConvolutionalGenerator_placed.dcp' has been generated.
INFO: [runtcl-4] Executing : report_io -file ConvolutionalGenerator_io_placed.rpt
report_io: Time (s): cpu = 00:00:00 ; elapsed = 00:00:00.124 . Memory (MB): peak = 1241.172 ; gain = 0.000
INFO: [runtcl-4] Executing : report_utilization -file ConvolutionalGenerator_utilization_placed.rpt -pb ConvolutionalGenerator_utilization_placed.pb
INFO: [runtcl-4] Executing : report_control_sets -verbose -file ConvolutionalGenerator_control_sets_placed.rpt
report_control_sets: Time (s): cpu = 00:00:00 ; elapsed = 00:00:00.015 . Memory (MB): peak = 1241.172 ; gain = 0.000
Command: route_design
Attempting to get a license for feature 'Implementation' and/or device 'xc7z010'
INFO: [Common 17-349] Got license for feature 'Implementation' and/or device 'xc7z010'
Running DRC as a precondition to command route_design
INFO: [DRC 23-27] Running DRC with 2 threads
INFO: [Vivado_Tcl 4-198] DRC finished with 0 Errors
INFO: [Vivado_Tcl 4-199] Please refer to the DRC report (report_drc) for more information.


Starting Routing Task
INFO: [Route 35-254] Multithreading enabled for route_design using a maximum of 2 CPUs
Checksum: PlaceDB: 2626d516 ConstDB: 0 ShapeSum: fb93d5fd RouteDB: 0

Phase 1 Build RT Design
Phase 1 Build RT Design | Checksum: 67f87b1a

Time (s): cpu = 00:00:46 ; elapsed = 00:00:43 . Memory (MB): peak = 1314.797 ; gain = 73.625
Post Restoration Checksum: NetGraph: 53f54a9a NumContArr: 14033080 Constraints: 0 Timing: 0

Phase 2 Router Initialization

Phase 2.1 Create Timer
Phase 2.1 Create Timer | Checksum: 67f87b1a

Time (s): cpu = 00:00:46 ; elapsed = 00:00:43 . Memory (MB): peak = 1341.020 ; gain = 99.848

Phase 2.2 Fix Topology Constraints
Phase 2.2 Fix Topology Constraints | Checksum: 67f87b1a

Time (s): cpu = 00:00:46 ; elapsed = 00:00:43 . Memory (MB): peak = 1347.047 ; gain = 105.875

Phase 2.3 Pre Route Cleanup
Phase 2.3 Pre Route Cleanup | Checksum: 67f87b1a

Time (s): cpu = 00:00:46 ; elapsed = 00:00:43 . Memory (MB): peak = 1347.047 ; gain = 105.875
 Number of Nodes with overlaps = 0

Phase 2.4 Update Timing
Phase 2.4 Update Timing | Checksum: 1721417c9

Time (s): cpu = 00:00:46 ; elapsed = 00:00:44 . Memory (MB): peak = 1349.746 ; gain = 108.574
INFO: [Route 35-416] Intermediate Timing Summary | WNS=0.351  | TNS=0.000  | WHS=-0.080 | THS=-0.481 |

Phase 2 Router Initialization | Checksum: e0ad0722

Time (s): cpu = 00:00:46 ; elapsed = 00:00:44 . Memory (MB): peak = 1349.746 ; gain = 108.574

Phase 3 Initial Routing
Phase 3 Initial Routing | Checksum: 3dc3bc2e

Time (s): cpu = 00:00:46 ; elapsed = 00:00:44 . Memory (MB): peak = 1349.746 ; gain = 108.574

Phase 4 Rip-up And Reroute

Phase 4.1 Global Iteration 0
 Number of Nodes with overlaps = 0
INFO: [Route 35-416] Intermediate Timing Summary | WNS=0.204  | TNS=0.000  | WHS=N/A    | THS=N/A    |

Phase 4.1 Global Iteration 0 | Checksum: 16c2eb89a

Time (s): cpu = 00:00:46 ; elapsed = 00:00:44 . Memory (MB): peak = 1349.746 ; gain = 108.574
Phase 4 Rip-up And Reroute | Checksum: 16c2eb89a

Time (s): cpu = 00:00:46 ; elapsed = 00:00:44 . Memory (MB): peak = 1349.746 ; gain = 108.574

Phase 5 Delay and Skew Optimization

Phase 5.1 Delay CleanUp
Phase 5.1 Delay CleanUp | Checksum: 16c2eb89a

Time (s): cpu = 00:00:46 ; elapsed = 00:00:44 . Memory (MB): peak = 1349.746 ; gain = 108.574

Phase 5.2 Clock Skew Optimization
Phase 5.2 Clock Skew Optimization | Checksum: 16c2eb89a

Time (s): cpu = 00:00:46 ; elapsed = 00:00:44 . Memory (MB): peak = 1349.746 ; gain = 108.574
Phase 5 Delay and Skew Optimization | Checksum: 16c2eb89a

Time (s): cpu = 00:00:46 ; elapsed = 00:00:44 . Memory (MB): peak = 1349.746 ; gain = 108.574

Phase 6 Post Hold Fix

Phase 6.1 Hold Fix Iter

Phase 6.1.1 Update Timing
Phase 6.1.1 Update Timing | Checksum: 159e08a5a

Time (s): cpu = 00:00:46 ; elapsed = 00:00:44 . Memory (MB): peak = 1349.746 ; gain = 108.574
INFO: [Route 35-416] Intermediate Timing Summary | WNS=0.357  | TNS=0.000  | WHS=0.154  | THS=0.000  |

Phase 6.1 Hold Fix Iter | Checksum: 159e08a5a

Time (s): cpu = 00:00:46 ; elapsed = 00:00:44 . Memory (MB): peak = 1349.746 ; gain = 108.574
Phase 6 Post Hold Fix | Checksum: 159e08a5a

Time (s): cpu = 00:00:46 ; elapsed = 00:00:44 . Memory (MB): peak = 1349.746 ; gain = 108.574

Phase 7 Route finalize

Router Utilization Summary
  Global Vertical Routing Utilization    = 0.0143581 %
  Global Horizontal Routing Utilization  = 0.00758272 %
  Routable Net Status*
  *Does not include unroutable nets such as driverless and loadless.
  Run report_route_status for detailed report.
  Number of Failed Nets               = 0
  Number of Unrouted Nets             = 0
  Number of Partially Routed Nets     = 0
  Number of Node Overlaps             = 0

Phase 7 Route finalize | Checksum: 159e08a5a

Time (s): cpu = 00:00:46 ; elapsed = 00:00:44 . Memory (MB): peak = 1349.746 ; gain = 108.574

Phase 8 Verifying routed nets

 Verification completed successfully
Phase 8 Verifying routed nets | Checksum: 159e08a5a

Time (s): cpu = 00:00:46 ; elapsed = 00:00:44 . Memory (MB): peak = 1351.273 ; gain = 110.102

Phase 9 Depositing Routes
Phase 9 Depositing Routes | Checksum: 1246e6671

Time (s): cpu = 00:00:46 ; elapsed = 00:00:44 . Memory (MB): peak = 1351.273 ; gain = 110.102

Phase 10 Post Router Timing
INFO: [Route 35-57] Estimated Timing Summary | WNS=0.357  | TNS=0.000  | WHS=0.154  | THS=0.000  |

INFO: [Route 35-327] The final timing numbers are based on the router estimated timing analysis. For a complete and accurate timing signoff, please run report_timing_summary.
Phase 10 Post Router Timing | Checksum: 1246e6671

Time (s): cpu = 00:00:46 ; elapsed = 00:00:44 . Memory (MB): peak = 1351.273 ; gain = 110.102
INFO: [Route 35-16] Router Completed Successfully

Time (s): cpu = 00:00:46 ; elapsed = 00:00:44 . Memory (MB): peak = 1351.273 ; gain = 110.102

Routing Is Done.
INFO: [Common 17-83] Releasing license: Implementation
67 Infos, 0 Warnings, 0 Critical Warnings and 0 Errors encountered.
route_design completed successfully
route_design: Time (s): cpu = 00:00:51 ; elapsed = 00:00:47 . Memory (MB): peak = 1351.273 ; gain = 110.102
Netlist sorting complete. Time (s): cpu = 00:00:00 ; elapsed = 00:00:00 . Memory (MB): peak = 1351.273 ; gain = 0.000
INFO: [Timing 38-480] Writing timing data to binary archive.
Writing placer database...
Writing XDEF routing.
Writing XDEF routing logical nets.
Writing XDEF routing special nets.
Write XDEF Complete: Time (s): cpu = 00:00:01 ; elapsed = 00:00:00.125 . Memory (MB): peak = 1351.273 ; gain = 0.000
Netlist sorting complete. Time (s): cpu = 00:00:00 ; elapsed = 00:00:00.001 . Memory (MB): peak = 1351.273 ; gain = 0.000
INFO: [Common 17-1381] The checkpoint 'C:/Users/david/Desktop/Rasla_Davide_505828/VHDL project JustOne/vivado/Vivado_With_One_Reg/Vivado_With_One_Reg.runs/impl_1/ConvolutionalGenerator_routed.dcp' has been generated.
INFO: [runtcl-4] Executing : report_drc -file ConvolutionalGenerator_drc_routed.rpt -pb ConvolutionalGenerator_drc_routed.pb -rpx ConvolutionalGenerator_drc_routed.rpx
Command: report_drc -file ConvolutionalGenerator_drc_routed.rpt -pb ConvolutionalGenerator_drc_routed.pb -rpx ConvolutionalGenerator_drc_routed.rpx
INFO: [IP_Flow 19-1839] IP Catalog is up to date.
INFO: [DRC 23-27] Running DRC with 2 threads
INFO: [Coretcl 2-168] The results of DRC are in file C:/Users/david/Desktop/Rasla_Davide_505828/VHDL project JustOne/vivado/Vivado_With_One_Reg/Vivado_With_One_Reg.runs/impl_1/ConvolutionalGenerator_drc_routed.rpt.
report_drc completed successfully
INFO: [runtcl-4] Executing : report_methodology -file ConvolutionalGenerator_methodology_drc_routed.rpt -pb ConvolutionalGenerator_methodology_drc_routed.pb -rpx ConvolutionalGenerator_methodology_drc_routed.rpx
Command: report_methodology -file ConvolutionalGenerator_methodology_drc_routed.rpt -pb ConvolutionalGenerator_methodology_drc_routed.pb -rpx ConvolutionalGenerator_methodology_drc_routed.rpx
INFO: [Timing 38-35] Done setting XDC timing constraints.
INFO: [DRC 23-133] Running Methodology with 2 threads
INFO: [Coretcl 2-1520] The results of Report Methodology are in file C:/Users/david/Desktop/Rasla_Davide_505828/VHDL project JustOne/vivado/Vivado_With_One_Reg/Vivado_With_One_Reg.runs/impl_1/ConvolutionalGenerator_methodology_drc_routed.rpt.
report_methodology completed successfully
INFO: [runtcl-4] Executing : report_power -file ConvolutionalGenerator_power_routed.rpt -pb ConvolutionalGenerator_power_summary_routed.pb -rpx ConvolutionalGenerator_power_routed.rpx
Command: report_power -file ConvolutionalGenerator_power_routed.rpt -pb ConvolutionalGenerator_power_summary_routed.pb -rpx ConvolutionalGenerator_power_routed.rpx
INFO: [Timing 38-35] Done setting XDC timing constraints.
Running Vector-less Activity Propagation...

Finished Running Vector-less Activity Propagation
79 Infos, 0 Warnings, 0 Critical Warnings and 0 Errors encountered.
report_power completed successfully
INFO: [runtcl-4] Executing : report_route_status -file ConvolutionalGenerator_route_status.rpt -pb ConvolutionalGenerator_route_status.pb
INFO: [runtcl-4] Executing : report_timing_summary -max_paths 10 -file ConvolutionalGenerator_timing_summary_routed.rpt -pb ConvolutionalGenerator_timing_summary_routed.pb -rpx ConvolutionalGenerator_timing_summary_routed.rpx -warn_on_violation 
INFO: [Timing 38-91] UpdateTimingParams: Speed grade: -1, Delay Type: min_max.
INFO: [Timing 38-191] Multithreading enabled for timing update using a maximum of 2 CPUs
INFO: [runtcl-4] Executing : report_incremental_reuse -file ConvolutionalGenerator_incremental_reuse_routed.rpt
INFO: [Vivado_Tcl 4-1062] Incremental flow is disabled. No incremental reuse Info to report.
INFO: [runtcl-4] Executing : report_clock_utilization -file ConvolutionalGenerator_clock_utilization_routed.rpt
INFO: [runtcl-4] Executing : report_bus_skew -warn_on_violation -file ConvolutionalGenerator_bus_skew_routed.rpt -pb ConvolutionalGenerator_bus_skew_routed.pb -rpx ConvolutionalGenerator_bus_skew_routed.rpx
INFO: [Timing 38-91] UpdateTimingParams: Speed grade: -1, Delay Type: min_max.
INFO: [Timing 38-191] Multithreading enabled for timing update using a maximum of 2 CPUs
INFO: [Common 17-206] Exiting Vivado at Fri Jun 21 14:51:38 2019...
